<?xml version="1.0" encoding="UTF-8"?>
<!-- Generated by org.testng.reporters.JUnitReportReporter -->
<testsuite skipped="0" hostname="LAPTOP-O0AAK5TJ" name="com.obsqura.selenium.PracticePriority" tests="4" failures="0" timestamp="10 Mar 2023 08:34:14 GMT" time="0.035" errors="0">
  <testcase name="bTest" time="0.018" classname="com.obsqura.selenium.PracticePriority"/>
  <testcase name="dTest" time="0.017" classname="com.obsqura.selenium.PracticePriority"/>
  <testcase name="cTest" time="0.000" classname="com.obsqura.selenium.PracticePriority"/>
  <testcase name="aTest" time="0.000" classname="com.obsqura.selenium.PracticePriority"/>
</testsuite> <!-- com.obsqura.selenium.PracticePriority -->
