<?xml version="1.0" encoding="UTF-8"?>
<!-- Generated by org.testng.reporters.JUnitReportReporter -->
<testsuite skipped="0" hostname="LAPTOP-O0AAK5TJ" name="com.obsqura.selenium.DropDownPractice" tests="1" failures="0" timestamp="12 Mar 2023 13:52:16 GMT" time="0.780" errors="0">
  <testcase name="dropDownIndex" time="0.780" classname="com.obsqura.selenium.DropDownPractice"/>
</testsuite> <!-- com.obsqura.selenium.DropDownPractice -->
