<?xml version="1.0" encoding="UTF-8"?>
<!-- Generated by org.testng.reporters.JUnitReportReporter -->
<testsuite skipped="0" hostname="LAPTOP-O0AAK5TJ" name="com.obsqura.selenium.Practice" tests="1" failures="0" timestamp="9 Mar 2023 19:45:25 GMT" time="60.806" errors="0">
  <testcase name="dropdown" time="60.806" classname="com.obsqura.selenium.Practice"/>
</testsuite> <!-- com.obsqura.selenium.Practice -->
